# JRE version: Java(TM) SE Runtime Environment (8.0_161-b12) (build 1.8.0_161-b12)
# Java VM: Java HotSpot(TM) 64-Bit Server VM (25.161-b12 mixed mode windows-amd64 compressed oops)
Heap:
 PSYoungGen      total 123392K, used 14054K [0x00000000d9980000, 0x00000000e2600000, 0x0000000100000000)
  eden space 119296K, 8% used [0x00000000d9980000,0x00000000da35ec48,0x00000000e0e00000)
  from space 4096K, 96% used [0x00000000e1180000,0x00000000e155ad60,0x00000000e1580000)
  to   space 12288K, 0% used [0x00000000e1a00000,0x00000000e1a00000,0x00000000e2600000)
 ParOldGen       total 94208K, used 31610K [0x000000008cc00000, 0x0000000092800000, 0x00000000d9980000)
  object space 94208K, 33% used [0x000000008cc00000,0x000000008eadeb80,0x0000000092800000)
 Metaspace       used 45702K, capacity 46404K, committed 46720K, reserved 1089536K
  class space    used 6084K, capacity 6224K, committed 6272K, reserved 1048576K
GC Heap History (10 events):
Event: 881.352 GC heap before
{Heap before GC invocations=18 (full 2):
 PSYoungGen      total 137728K, used 137569K [0x00000000d9980000, 0x00000000e3280000, 0x0000000100000000)
  eden space 131072K, 100% used [0x00000000d9980000,0x00000000e1980000,0x00000000e1980000)
  from space 6656K, 97% used [0x00000000e1e00000,0x00000000e24587f8,0x00000000e2480000)
  to   space 12800K, 0% used [0x00000000e2600000,0x00000000e2600000,0x00000000e3280000)
 ParOldGen       total 94208K, used 39334K [0x000000008cc00000, 0x0000000092800000, 0x00000000d9980000)
  object space 94208K, 41% used [0x000000008cc00000,0x000000008f269ad8,0x0000000092800000)
 Metaspace       used 45190K, capacity 45870K, committed 46208K, reserved 1089536K
  class space    used 5998K, capacity 6162K, committed 6272K, reserved 1048576K
Event: 881.361 GC heap after
Heap after GC invocations=18 (full 2):
 PSYoungGen      total 135680K, used 3968K [0x00000000d9980000, 0x00000000e2e80000, 0x0000000100000000)
  eden space 126976K, 0% used [0x00000000d9980000,0x00000000d9980000,0x00000000e1580000)
  from space 8704K, 45% used [0x00000000e2600000,0x00000000e29e0020,0x00000000e2e80000)
  to   space 12800K, 0% used [0x00000000e1580000,0x00000000e1580000,0x00000000e2200000)
 ParOldGen       total 94208K, used 39342K [0x000000008cc00000, 0x0000000092800000, 0x00000000d9980000)
  object space 94208K, 41% used [0x000000008cc00000,0x000000008f26bad8,0x0000000092800000)
 Metaspace       used 45190K, capacity 45870K, committed 46208K, reserved 1089536K
  class space    used 5998K, capacity 6162K, committed 6272K, reserved 1048576K
}
Event: 1465.310 GC heap before
{Heap before GC invocations=19 (full 2):
 PSYoungGen      total 135680K, used 130944K [0x00000000d9980000, 0x00000000e2e80000, 0x0000000100000000)
  eden space 126976K, 100% used [0x00000000d9980000,0x00000000e1580000,0x00000000e1580000)
  from space 8704K, 45% used [0x00000000e2600000,0x00000000e29e0020,0x00000000e2e80000)
  to   space 12800K, 0% used [0x00000000e1580000,0x00000000e1580000,0x00000000e2200000)
 ParOldGen       total 94208K, used 39342K [0x000000008cc00000, 0x0000000092800000, 0x00000000d9980000)
  object space 94208K, 41% used [0x000000008cc00000,0x000000008f26bad8,0x0000000092800000)
 Metaspace       used 45645K, capacity 46310K, committed 46464K, reserved 1089536K
  class space    used 6054K, capacity 6199K, committed 6272K, reserved 1048576K
Event: 1465.320 GC heap after
Heap after GC invocations=19 (full 2):
 PSYoungGen      total 127488K, used 4379K [0x00000000d9980000, 0x00000000e2a80000, 0x0000000100000000)
  eden space 122880K, 0% used [0x00000000d9980000,0x00000000d9980000,0x00000000e1180000)
  from space 4608K, 95% used [0x00000000e1580000,0x00000000e19c6f10,0x00000000e1a00000)
  to   space 12800K, 0% used [0x00000000e1e00000,0x00000000e1e00000,0x00000000e2a80000)
 ParOldGen       total 94208K, used 39350K [0x000000008cc00000, 0x0000000092800000, 0x00000000d9980000)
  object space 94208K, 41% used [0x000000008cc00000,0x000000008f26dad8,0x0000000092800000)
 Metaspace       used 45645K, capacity 46310K, committed 46464K, reserved 1089536K
  class space    used 6054K, capacity 6199K, committed 6272K, reserved 1048576K
}
Event: 1465.339 GC heap before
{Heap before GC invocations=20 (full 2):
 PSYoungGen      total 127488K, used 6972K [0x00000000d9980000, 0x00000000e2a80000, 0x0000000100000000)
  eden space 122880K, 2% used [0x00000000d9980000,0x00000000d9c082c8,0x00000000e1180000)
  from space 4608K, 95% used [0x00000000e1580000,0x00000000e19c6f10,0x00000000e1a00000)
  to   space 12800K, 0% used [0x00000000e1e00000,0x00000000e1e00000,0x00000000e2a80000)
 ParOldGen       total 94208K, used 39350K [0x000000008cc00000, 0x0000000092800000, 0x00000000d9980000)
  object space 94208K, 41% used [0x000000008cc00000,0x000000008f26dad8,0x0000000092800000)
 Metaspace       used 45648K, capacity 46310K, committed 46464K, reserved 1089536K
  class space    used 6054K, capacity 6199K, committed 6272K, reserved 1048576K
Event: 1465.347 GC heap after
Heap after GC invocations=20 (full 2):
 PSYoungGen      total 135680K, used 3904K [0x00000000d9980000, 0x00000000e2a80000, 0x0000000100000000)
  eden space 122880K, 0% used [0x00000000d9980000,0x00000000d9980000,0x00000000e1180000)
  from space 12800K, 30% used [0x00000000e1e00000,0x00000000e21d0000,0x00000000e2a80000)
  to   space 12800K, 0% used [0x00000000e1180000,0x00000000e1180000,0x00000000e1e00000)
 ParOldGen       total 94208K, used 39358K [0x000000008cc00000, 0x0000000092800000, 0x00000000d9980000)
  object space 94208K, 41% used [0x000000008cc00000,0x000000008f26fad8,0x0000000092800000)
 Metaspace       used 45648K, capacity 46310K, committed 46464K, reserved 1089536K
  class space    used 6054K, capacity 6199K, committed 6272K, reserved 1048576K
}
Event: 1465.347 GC heap before
{Heap before GC invocations=21 (full 3):
 PSYoungGen      total 135680K, used 3904K [0x00000000d9980000, 0x00000000e2a80000, 0x0000000100000000)
  eden space 122880K, 0% used [0x00000000d9980000,0x00000000d9980000,0x00000000e1180000)
  from space 12800K, 30% used [0x00000000e1e00000,0x00000000e21d0000,0x00000000e2a80000)
  to   space 12800K, 0% used [0x00000000e1180000,0x00000000e1180000,0x00000000e1e00000)
 ParOldGen       total 94208K, used 39358K [0x000000008cc00000, 0x0000000092800000, 0x00000000d9980000)
  object space 94208K, 41% used [0x000000008cc00000,0x000000008f26fad8,0x0000000092800000)
 Metaspace       used 45648K, capacity 46310K, committed 46464K, reserved 1089536K
  class space    used 6054K, capacity 6199K, committed 6272K, reserved 1048576K
Event: 1465.735 GC heap after
Heap after GC invocations=21 (full 3):
 PSYoungGen      total 135680K, used 0K [0x00000000d9980000, 0x00000000e2a80000, 0x0000000100000000)
  eden space 122880K, 0% used [0x00000000d9980000,0x00000000d9980000,0x00000000e1180000)
  from space 12800K, 0% used [0x00000000e1e00000,0x00000000e1e00000,0x00000000e2a80000)
  to   space 12800K, 0% used [0x00000000e1180000,0x00000000e1180000,0x00000000e1e00000)
 ParOldGen       total 94208K, used 31602K [0x000000008cc00000, 0x0000000092800000, 0x00000000d9980000)
  object space 94208K, 33% used [0x000000008cc00000,0x000000008eadcb80,0x0000000092800000)
 Metaspace       used 45584K, capacity 46208K, committed 46464K, reserved 1089536K
  class space    used 6044K, capacity 6182K, committed 6272K, reserved 1048576K
}
Event: 1467.287 GC heap before
{Heap before GC invocations=22 (full 3):
 PSYoungGen      total 135680K, used 122880K [0x00000000d9980000, 0x00000000e2a80000, 0x0000000100000000)
  eden space 122880K, 100% used [0x00000000d9980000,0x00000000e1180000,0x00000000e1180000)
  from space 12800K, 0% used [0x00000000e1e00000,0x00000000e1e00000,0x00000000e2a80000)
  to   space 12800K, 0% used [0x00000000e1180000,0x00000000e1180000,0x00000000e1e00000)
 ParOldGen       total 94208K, used 31602K [0x000000008cc00000, 0x0000000092800000, 0x00000000d9980000)
  object space 94208K, 33% used [0x000000008cc00000,0x000000008eadcb80,0x0000000092800000)
 Metaspace       used 45694K, capacity 46404K, committed 46720K, reserved 1089536K
  class space    used 6083K, capacity 6224K, committed 6272K, reserved 1048576K
Event: 1467.299 GC heap after
Heap after GC invocations=22 (full 3):
 PSYoungGen      total 123392K, used 3947K [0x00000000d9980000, 0x00000000e2600000, 0x0000000100000000)
  eden space 119296K, 0% used [0x00000000d9980000,0x00000000d9980000,0x00000000e0e00000)
  from space 4096K, 96% used [0x00000000e1180000,0x00000000e155ad60,0x00000000e1580000)
  to   space 12288K, 0% used [0x00000000e1a00000,0x00000000e1a00000,0x00000000e2600000)
 ParOldGen       total 94208K, used 31610K [0x000000008cc00000, 0x0000000092800000, 0x00000000d9980000)
  object space 94208K, 33% used [0x000000008cc00000,0x000000008eadeb80,0x0000000092800000)
 Metaspace       used 45694K, capacity 46404K, committed 46720K, reserved 1089536K
  class space    used 6083K, capacity 6224K, committed 6272K, reserved 1048576K
}

